Vivado Simulator 2019.1
Copyright 1986-1999, 2001-2019 Xilinx, Inc. All Rights Reserved.
Running: D:/vivado201901/Vivado/2019.1/bin/unwrapped/win64.o/xelab.exe -wto f003c52d872a476aaea83dbc1a8eb913 --incr --debug typical --relax --mt 2 -L fifo_generator_v13_2_4 -L xil_defaultlib -L unisims_ver -L unimacro_ver -L secureip -L xpm --snapshot tb_behav xil_defaultlib.tb xil_defaultlib.glbl -log elaborate.log 
Using 2 slave threads.
Starting static elaboration
Completed static elaboration
Starting simulation data flow analysis
Completed simulation data flow analysis
Time Resolution for simulation is 1ps
Compiling module xil_defaultlib.lineBuffer
Compiling module xil_defaultlib.imageControl
Compiling module xil_defaultlib.conv
Compiling module fifo_generator_v13_2_4.fifo_generator_v13_2_4_bhv_ver_s...
Compiling module fifo_generator_v13_2_4.fifo_generator_v13_2_4_bhv_ver_p...
Compiling module fifo_generator_v13_2_4.fifo_generator_v13_2_4_CONV_VER(...
Compiling module fifo_generator_v13_2_4.fifo_generator_vlog_beh(C_COMMON...
Compiling module xil_defaultlib.outputBuffer
Compiling module xil_defaultlib.imageProcessTop
Compiling module xil_defaultlib.tb
WARNING: [XSIM 43-3373] "C:/zyboz720/ip_repo/image_processing/image_processing.srcs/sim_1/new/tb.v" Line 44. System function $fscanf is used as system task. This system function should have a LHS e.g. x=$fscanf().
WARNING: [XSIM 43-3373] "C:/zyboz720/ip_repo/image_processing/image_processing.srcs/sim_1/new/tb.v" Line 51. System function $fscanf is used as system task. This system function should have a LHS e.g. x=$fscanf().
WARNING: [XSIM 43-3373] "C:/zyboz720/ip_repo/image_processing/image_processing.srcs/sim_1/new/tb.v" Line 65. System function $fscanf is used as system task. This system function should have a LHS e.g. x=$fscanf().
Compiling module xil_defaultlib.glbl
Built simulation snapshot tb_behav
