19:40:00 INFO  : Registering command handlers for SDK TCF services
19:40:02 INFO  : Launching XSCT server: xsct.bat -interactive C:\zyboz720\imageProcessing_PS\imageProcessing_PS.sdk\temp_xsdb_launch_script.tcl
19:40:08 INFO  : XSCT server has started successfully.
19:40:08 INFO  : Successfully done setting XSCT server connection channel  
19:40:10 INFO  : Successfully done setting SDK workspace  
19:40:10 INFO  : Processing command line option -hwspec C:/zyboz720/imageProcessing_PS/imageProcessing_PS.sdk/imageProcessing_wrapper.hdf.
23:22:25 INFO  : Registering command handlers for SDK TCF services
23:22:27 INFO  : Launching XSCT server: xsct.bat -interactive C:\zyboz720\imageProcessing_PS\imageProcessing_PS.sdk\temp_xsdb_launch_script.tcl
23:22:31 INFO  : XSCT server has started successfully.
23:22:31 INFO  : Successfully done setting XSCT server connection channel  
23:22:35 INFO  : Successfully done setting SDK workspace  
23:22:35 INFO  : Processing command line option -hwspec C:/zyboz720/imageProcessing_PS/imageProcessing_PS.sdk/imageProcessing_wrapper.hdf.
23:22:35 INFO  : Checking for hwspec changes in the project imageProcessing_wrapper_hw_platform_0.
00:03:30 INFO  : Attempting to launch Hardware server...
00:03:31 INFO  : Hardware server is launched successfully.
00:16:01 INFO  : 'targets -set -filter {jtag_cable_name =~ "Digilent Zybo Z7 210351B10443A" && level==0} -index 1' command is executed.
00:16:01 INFO  : 'fpga -state' command is executed.
00:16:01 INFO  : Connected to target on host '127.0.0.1' and port '3121'.
00:16:01 INFO  : Jtag cable 'Digilent Zybo Z7 210351B10443A' is selected.
00:16:01 INFO  : 'jtag frequency' command is executed.
00:16:01 INFO  : Sourcing of 'C:/zyboz720/imageProcessing_PS/imageProcessing_PS.sdk/imageProcessing_wrapper_hw_platform_0/ps7_init.tcl' is done.
00:16:01 INFO  : Context for 'APU' is selected.
00:16:01 INFO  : Hardware design information is loaded from 'C:/zyboz720/imageProcessing_PS/imageProcessing_PS.sdk/imageProcessing_wrapper_hw_platform_0/system.hdf'.
00:16:01 INFO  : 'configparams force-mem-access 1' command is executed.
00:16:01 INFO  : Context for 'APU' is selected.
00:16:01 INFO  : 'stop' command is executed.
00:16:02 INFO  : 'ps7_init' command is executed.
00:16:02 INFO  : 'ps7_post_config' command is executed.
00:16:02 INFO  : Context for processor 'ps7_cortexa9_0' is selected.
00:16:02 INFO  : Processor reset is completed for 'ps7_cortexa9_0'.
00:16:02 INFO  : Context for processor 'ps7_cortexa9_0' is selected.
00:16:02 INFO  : The application 'C:/zyboz720/imageProcessing_PS/imageProcessing_PS.sdk/imageTest/Debug/imageTest.elf' is downloaded to processor 'ps7_cortexa9_0'.
00:16:02 INFO  : 'configparams force-mem-access 0' command is executed.
00:16:02 INFO  : ----------------XSDB Script----------------
connect -url tcp:127.0.0.1:3121
source C:/zyboz720/imageProcessing_PS/imageProcessing_PS.sdk/imageProcessing_wrapper_hw_platform_0/ps7_init.tcl
targets -set -nocase -filter {name =~"APU*" && jtag_cable_name =~ "Digilent Zybo Z7 210351B10443A"} -index 0
loadhw -hw C:/zyboz720/imageProcessing_PS/imageProcessing_PS.sdk/imageProcessing_wrapper_hw_platform_0/system.hdf -mem-ranges [list {0x40000000 0xbfffffff}]
configparams force-mem-access 1
targets -set -nocase -filter {name =~"APU*" && jtag_cable_name =~ "Digilent Zybo Z7 210351B10443A"} -index 0
stop
ps7_init
ps7_post_config
targets -set -nocase -filter {name =~ "ARM*#0" && jtag_cable_name =~ "Digilent Zybo Z7 210351B10443A"} -index 0
rst -processor
targets -set -nocase -filter {name =~ "ARM*#0" && jtag_cable_name =~ "Digilent Zybo Z7 210351B10443A"} -index 0
dow C:/zyboz720/imageProcessing_PS/imageProcessing_PS.sdk/imageTest/Debug/imageTest.elf
configparams force-mem-access 0
----------------End of Script----------------

00:16:03 INFO  : Memory regions updated for context APU
00:16:03 INFO  : Context for processor 'ps7_cortexa9_0' is selected.
00:16:03 INFO  : 'con' command is executed.
00:16:03 INFO  : ----------------XSDB Script (After Launch)----------------
targets -set -nocase -filter {name =~ "ARM*#0" && jtag_cable_name =~ "Digilent Zybo Z7 210351B10443A"} -index 0
con
----------------End of Script----------------

00:16:03 INFO  : Launch script is exported to file 'C:\zyboz720\imageProcessing_PS\imageProcessing_PS.sdk\.sdk\launch_scripts\xilinx_c-c++_application_(system_debugger)\system_debugger_using_debug_imagetest.elf_on_local.tcl'
01:20:45 INFO  : Disconnected from the channel tcfchan#1.
01:20:46 INFO  : 'targets -set -filter {jtag_cable_name =~ "Digilent Zybo Z7 210351B10443A" && level==0} -index 1' command is executed.
01:20:46 INFO  : 'fpga -state' command is executed.
01:20:53 INFO  : Memory regions updated for context APU
01:21:36 INFO  : 'targets -set -filter {jtag_cable_name =~ "Digilent Zybo Z7 210351B10443A" && level==0} -index 1' command is executed.
01:21:36 INFO  : 'fpga -state' command is executed.
01:21:36 INFO  : Connected to target on host '127.0.0.1' and port '3121'.
01:21:36 INFO  : Jtag cable 'Digilent Zybo Z7 210351B10443A' is selected.
01:21:36 INFO  : 'jtag frequency' command is executed.
01:21:36 INFO  : Sourcing of 'C:/zyboz720/imageProcessing_PS/imageProcessing_PS.sdk/imageProcessing_wrapper_hw_platform_0/ps7_init.tcl' is done.
01:21:36 INFO  : Context for 'APU' is selected.
01:21:36 INFO  : Hardware design information is loaded from 'C:/zyboz720/imageProcessing_PS/imageProcessing_PS.sdk/imageProcessing_wrapper_hw_platform_0/system.hdf'.
01:21:36 INFO  : 'configparams force-mem-access 1' command is executed.
01:21:36 INFO  : Context for 'APU' is selected.
01:21:36 INFO  : 'stop' command is executed.
01:21:36 INFO  : 'ps7_init' command is executed.
01:21:36 INFO  : 'ps7_post_config' command is executed.
01:21:36 INFO  : Context for processor 'ps7_cortexa9_0' is selected.
01:21:37 INFO  : Processor reset is completed for 'ps7_cortexa9_0'.
01:21:37 INFO  : Context for processor 'ps7_cortexa9_0' is selected.
01:21:37 INFO  : The application 'C:/zyboz720/imageProcessing_PS/imageProcessing_PS.sdk/imageTest/Debug/imageTest.elf' is downloaded to processor 'ps7_cortexa9_0'.
01:21:37 INFO  : 'configparams force-mem-access 0' command is executed.
01:21:37 INFO  : ----------------XSDB Script----------------
connect -url tcp:127.0.0.1:3121
source C:/zyboz720/imageProcessing_PS/imageProcessing_PS.sdk/imageProcessing_wrapper_hw_platform_0/ps7_init.tcl
targets -set -nocase -filter {name =~"APU*" && jtag_cable_name =~ "Digilent Zybo Z7 210351B10443A"} -index 0
loadhw -hw C:/zyboz720/imageProcessing_PS/imageProcessing_PS.sdk/imageProcessing_wrapper_hw_platform_0/system.hdf -mem-ranges [list {0x40000000 0xbfffffff}]
configparams force-mem-access 1
targets -set -nocase -filter {name =~"APU*" && jtag_cable_name =~ "Digilent Zybo Z7 210351B10443A"} -index 0
stop
ps7_init
ps7_post_config
targets -set -nocase -filter {name =~ "ARM*#0" && jtag_cable_name =~ "Digilent Zybo Z7 210351B10443A"} -index 0
rst -processor
targets -set -nocase -filter {name =~ "ARM*#0" && jtag_cable_name =~ "Digilent Zybo Z7 210351B10443A"} -index 0
dow C:/zyboz720/imageProcessing_PS/imageProcessing_PS.sdk/imageTest/Debug/imageTest.elf
configparams force-mem-access 0
----------------End of Script----------------

01:21:37 INFO  : Memory regions updated for context APU
01:21:38 INFO  : Context for processor 'ps7_cortexa9_0' is selected.
01:21:38 INFO  : 'con' command is executed.
01:21:38 INFO  : ----------------XSDB Script (After Launch)----------------
targets -set -nocase -filter {name =~ "ARM*#0" && jtag_cable_name =~ "Digilent Zybo Z7 210351B10443A"} -index 0
con
----------------End of Script----------------

01:21:38 INFO  : Launch script is exported to file 'C:\zyboz720\imageProcessing_PS\imageProcessing_PS.sdk\.sdk\launch_scripts\xilinx_c-c++_application_(system_debugger)\system_debugger_using_debug_imagetest.elf_on_local.tcl'
02:14:29 INFO  : Disconnected from the channel tcfchan#2.
02:14:30 INFO  : 'targets -set -filter {jtag_cable_name =~ "Digilent Zybo Z7 210351B10443A" && level==0} -index 1' command is executed.
02:14:30 INFO  : 'fpga -state' command is executed.
02:14:30 INFO  : Connected to target on host '127.0.0.1' and port '3121'.
02:14:30 INFO  : Jtag cable 'Digilent Zybo Z7 210351B10443A' is selected.
02:14:30 INFO  : 'jtag frequency' command is executed.
02:14:30 INFO  : Sourcing of 'C:/zyboz720/imageProcessing_PS/imageProcessing_PS.sdk/imageProcessing_wrapper_hw_platform_0/ps7_init.tcl' is done.
02:14:30 INFO  : Context for 'APU' is selected.
02:14:34 INFO  : Hardware design information is loaded from 'C:/zyboz720/imageProcessing_PS/imageProcessing_PS.sdk/imageProcessing_wrapper_hw_platform_0/system.hdf'.
02:14:34 INFO  : 'configparams force-mem-access 1' command is executed.
02:14:34 INFO  : Context for 'APU' is selected.
02:14:34 INFO  : 'stop' command is executed.
02:14:35 INFO  : 'ps7_init' command is executed.
02:14:35 INFO  : 'ps7_post_config' command is executed.
02:14:35 INFO  : Context for processor 'ps7_cortexa9_0' is selected.
02:14:35 INFO  : Processor reset is completed for 'ps7_cortexa9_0'.
02:14:35 INFO  : Context for processor 'ps7_cortexa9_0' is selected.
02:14:35 INFO  : The application 'C:/zyboz720/imageProcessing_PS/imageProcessing_PS.sdk/imageTest/Debug/imageTest.elf' is downloaded to processor 'ps7_cortexa9_0'.
02:14:35 INFO  : 'configparams force-mem-access 0' command is executed.
02:14:35 INFO  : ----------------XSDB Script----------------
connect -url tcp:127.0.0.1:3121
source C:/zyboz720/imageProcessing_PS/imageProcessing_PS.sdk/imageProcessing_wrapper_hw_platform_0/ps7_init.tcl
targets -set -nocase -filter {name =~"APU*" && jtag_cable_name =~ "Digilent Zybo Z7 210351B10443A"} -index 0
loadhw -hw C:/zyboz720/imageProcessing_PS/imageProcessing_PS.sdk/imageProcessing_wrapper_hw_platform_0/system.hdf -mem-ranges [list {0x40000000 0xbfffffff}]
configparams force-mem-access 1
targets -set -nocase -filter {name =~"APU*" && jtag_cable_name =~ "Digilent Zybo Z7 210351B10443A"} -index 0
stop
ps7_init
ps7_post_config
targets -set -nocase -filter {name =~ "ARM*#0" && jtag_cable_name =~ "Digilent Zybo Z7 210351B10443A"} -index 0
rst -processor
targets -set -nocase -filter {name =~ "ARM*#0" && jtag_cable_name =~ "Digilent Zybo Z7 210351B10443A"} -index 0
dow C:/zyboz720/imageProcessing_PS/imageProcessing_PS.sdk/imageTest/Debug/imageTest.elf
configparams force-mem-access 0
----------------End of Script----------------

02:14:36 INFO  : Memory regions updated for context APU
02:14:36 INFO  : Context for processor 'ps7_cortexa9_0' is selected.
02:14:36 INFO  : 'con' command is executed.
02:14:36 INFO  : ----------------XSDB Script (After Launch)----------------
targets -set -nocase -filter {name =~ "ARM*#0" && jtag_cable_name =~ "Digilent Zybo Z7 210351B10443A"} -index 0
con
----------------End of Script----------------

02:14:36 INFO  : Launch script is exported to file 'C:\zyboz720\imageProcessing_PS\imageProcessing_PS.sdk\.sdk\launch_scripts\xilinx_c-c++_application_(system_debugger)\system_debugger_using_debug_imagetest.elf_on_local.tcl'
02:15:41 INFO  : Disconnected from the channel tcfchan#3.
02:15:42 INFO  : 'targets -set -filter {jtag_cable_name =~ "Digilent Zybo Z7 210351B10443A" && level==0} -index 1' command is executed.
02:15:42 INFO  : 'fpga -state' command is executed.
02:15:42 INFO  : Connected to target on host '127.0.0.1' and port '3121'.
02:15:42 INFO  : Jtag cable 'Digilent Zybo Z7 210351B10443A' is selected.
02:15:42 INFO  : 'jtag frequency' command is executed.
02:15:42 INFO  : Sourcing of 'C:/zyboz720/imageProcessing_PS/imageProcessing_PS.sdk/imageProcessing_wrapper_hw_platform_0/ps7_init.tcl' is done.
02:15:42 INFO  : Context for 'APU' is selected.
02:15:45 INFO  : Hardware design information is loaded from 'C:/zyboz720/imageProcessing_PS/imageProcessing_PS.sdk/imageProcessing_wrapper_hw_platform_0/system.hdf'.
02:15:45 INFO  : 'configparams force-mem-access 1' command is executed.
02:15:45 INFO  : Context for 'APU' is selected.
02:15:45 INFO  : 'stop' command is executed.
02:15:46 INFO  : 'ps7_init' command is executed.
02:15:46 INFO  : 'ps7_post_config' command is executed.
02:15:46 INFO  : Context for processor 'ps7_cortexa9_0' is selected.
02:15:46 INFO  : Processor reset is completed for 'ps7_cortexa9_0'.
02:15:46 INFO  : Context for processor 'ps7_cortexa9_0' is selected.
02:15:46 INFO  : The application 'C:/zyboz720/imageProcessing_PS/imageProcessing_PS.sdk/imageTest/Debug/imageTest.elf' is downloaded to processor 'ps7_cortexa9_0'.
02:15:46 INFO  : 'configparams force-mem-access 0' command is executed.
02:15:46 INFO  : ----------------XSDB Script----------------
connect -url tcp:127.0.0.1:3121
source C:/zyboz720/imageProcessing_PS/imageProcessing_PS.sdk/imageProcessing_wrapper_hw_platform_0/ps7_init.tcl
targets -set -nocase -filter {name =~"APU*" && jtag_cable_name =~ "Digilent Zybo Z7 210351B10443A"} -index 0
loadhw -hw C:/zyboz720/imageProcessing_PS/imageProcessing_PS.sdk/imageProcessing_wrapper_hw_platform_0/system.hdf -mem-ranges [list {0x40000000 0xbfffffff}]
configparams force-mem-access 1
targets -set -nocase -filter {name =~"APU*" && jtag_cable_name =~ "Digilent Zybo Z7 210351B10443A"} -index 0
stop
ps7_init
ps7_post_config
targets -set -nocase -filter {name =~ "ARM*#0" && jtag_cable_name =~ "Digilent Zybo Z7 210351B10443A"} -index 0
rst -processor
targets -set -nocase -filter {name =~ "ARM*#0" && jtag_cable_name =~ "Digilent Zybo Z7 210351B10443A"} -index 0
dow C:/zyboz720/imageProcessing_PS/imageProcessing_PS.sdk/imageTest/Debug/imageTest.elf
configparams force-mem-access 0
----------------End of Script----------------

02:15:46 INFO  : Memory regions updated for context APU
02:15:47 INFO  : Context for processor 'ps7_cortexa9_0' is selected.
02:15:47 INFO  : 'con' command is executed.
02:15:47 INFO  : ----------------XSDB Script (After Launch)----------------
targets -set -nocase -filter {name =~ "ARM*#0" && jtag_cable_name =~ "Digilent Zybo Z7 210351B10443A"} -index 0
con
----------------End of Script----------------

02:15:47 INFO  : Launch script is exported to file 'C:\zyboz720\imageProcessing_PS\imageProcessing_PS.sdk\.sdk\launch_scripts\xilinx_c-c++_application_(system_debugger)\system_debugger_using_debug_imagetest.elf_on_local.tcl'
02:18:51 INFO  : Disconnected from the channel tcfchan#4.
02:18:52 INFO  : 'targets -set -filter {jtag_cable_name =~ "Digilent Zybo Z7 210351B10443A" && level==0} -index 1' command is executed.
02:18:52 INFO  : 'fpga -state' command is executed.
02:18:52 INFO  : Connected to target on host '127.0.0.1' and port '3121'.
02:18:52 INFO  : Jtag cable 'Digilent Zybo Z7 210351B10443A' is selected.
02:18:52 INFO  : 'jtag frequency' command is executed.
02:18:52 INFO  : Sourcing of 'C:/zyboz720/imageProcessing_PS/imageProcessing_PS.sdk/imageProcessing_wrapper_hw_platform_0/ps7_init.tcl' is done.
02:18:52 INFO  : Context for 'APU' is selected.
02:18:56 INFO  : Hardware design information is loaded from 'C:/zyboz720/imageProcessing_PS/imageProcessing_PS.sdk/imageProcessing_wrapper_hw_platform_0/system.hdf'.
02:18:56 INFO  : 'configparams force-mem-access 1' command is executed.
02:18:56 INFO  : Context for 'APU' is selected.
02:18:57 INFO  : 'stop' command is executed.
02:18:57 INFO  : 'ps7_init' command is executed.
02:18:57 INFO  : 'ps7_post_config' command is executed.
02:18:57 INFO  : Context for processor 'ps7_cortexa9_0' is selected.
02:18:57 INFO  : Processor reset is completed for 'ps7_cortexa9_0'.
02:18:57 INFO  : Context for processor 'ps7_cortexa9_0' is selected.
02:18:58 INFO  : The application 'C:/zyboz720/imageProcessing_PS/imageProcessing_PS.sdk/imageTest/Debug/imageTest.elf' is downloaded to processor 'ps7_cortexa9_0'.
02:18:58 INFO  : 'configparams force-mem-access 0' command is executed.
02:18:58 INFO  : ----------------XSDB Script----------------
connect -url tcp:127.0.0.1:3121
source C:/zyboz720/imageProcessing_PS/imageProcessing_PS.sdk/imageProcessing_wrapper_hw_platform_0/ps7_init.tcl
targets -set -nocase -filter {name =~"APU*" && jtag_cable_name =~ "Digilent Zybo Z7 210351B10443A"} -index 0
loadhw -hw C:/zyboz720/imageProcessing_PS/imageProcessing_PS.sdk/imageProcessing_wrapper_hw_platform_0/system.hdf -mem-ranges [list {0x40000000 0xbfffffff}]
configparams force-mem-access 1
targets -set -nocase -filter {name =~"APU*" && jtag_cable_name =~ "Digilent Zybo Z7 210351B10443A"} -index 0
stop
ps7_init
ps7_post_config
targets -set -nocase -filter {name =~ "ARM*#0" && jtag_cable_name =~ "Digilent Zybo Z7 210351B10443A"} -index 0
rst -processor
targets -set -nocase -filter {name =~ "ARM*#0" && jtag_cable_name =~ "Digilent Zybo Z7 210351B10443A"} -index 0
dow C:/zyboz720/imageProcessing_PS/imageProcessing_PS.sdk/imageTest/Debug/imageTest.elf
configparams force-mem-access 0
----------------End of Script----------------

02:18:58 INFO  : Memory regions updated for context APU
02:18:58 INFO  : Context for processor 'ps7_cortexa9_0' is selected.
02:18:58 INFO  : 'con' command is executed.
02:18:58 INFO  : ----------------XSDB Script (After Launch)----------------
targets -set -nocase -filter {name =~ "ARM*#0" && jtag_cable_name =~ "Digilent Zybo Z7 210351B10443A"} -index 0
con
----------------End of Script----------------

02:18:58 INFO  : Launch script is exported to file 'C:\zyboz720\imageProcessing_PS\imageProcessing_PS.sdk\.sdk\launch_scripts\xilinx_c-c++_application_(system_debugger)\system_debugger_using_debug_imagetest.elf_on_local.tcl'
02:41:28 INFO  : Disconnected from the channel tcfchan#5.
02:41:29 INFO  : 'targets -set -filter {jtag_cable_name =~ "Digilent Zybo Z7 210351B10443A" && level==0} -index 1' command is executed.
02:41:29 INFO  : 'fpga -state' command is executed.
02:41:29 INFO  : Connected to target on host '127.0.0.1' and port '3121'.
02:41:29 INFO  : Jtag cable 'Digilent Zybo Z7 210351B10443A' is selected.
02:41:29 INFO  : 'jtag frequency' command is executed.
02:41:29 INFO  : Sourcing of 'C:/zyboz720/imageProcessing_PS/imageProcessing_PS.sdk/imageProcessing_wrapper_hw_platform_0/ps7_init.tcl' is done.
02:41:29 INFO  : Context for 'APU' is selected.
02:41:33 INFO  : Hardware design information is loaded from 'C:/zyboz720/imageProcessing_PS/imageProcessing_PS.sdk/imageProcessing_wrapper_hw_platform_0/system.hdf'.
02:41:33 INFO  : 'configparams force-mem-access 1' command is executed.
02:41:33 INFO  : Context for 'APU' is selected.
02:41:33 INFO  : 'stop' command is executed.
02:41:33 INFO  : 'ps7_init' command is executed.
02:41:33 INFO  : 'ps7_post_config' command is executed.
02:41:33 INFO  : Context for processor 'ps7_cortexa9_0' is selected.
02:41:33 INFO  : Processor reset is completed for 'ps7_cortexa9_0'.
02:41:33 INFO  : Context for processor 'ps7_cortexa9_0' is selected.
02:41:34 INFO  : The application 'C:/zyboz720/imageProcessing_PS/imageProcessing_PS.sdk/imageTest/Debug/imageTest.elf' is downloaded to processor 'ps7_cortexa9_0'.
02:41:34 INFO  : 'configparams force-mem-access 0' command is executed.
02:41:34 INFO  : ----------------XSDB Script----------------
connect -url tcp:127.0.0.1:3121
source C:/zyboz720/imageProcessing_PS/imageProcessing_PS.sdk/imageProcessing_wrapper_hw_platform_0/ps7_init.tcl
targets -set -nocase -filter {name =~"APU*" && jtag_cable_name =~ "Digilent Zybo Z7 210351B10443A"} -index 0
loadhw -hw C:/zyboz720/imageProcessing_PS/imageProcessing_PS.sdk/imageProcessing_wrapper_hw_platform_0/system.hdf -mem-ranges [list {0x40000000 0xbfffffff}]
configparams force-mem-access 1
targets -set -nocase -filter {name =~"APU*" && jtag_cable_name =~ "Digilent Zybo Z7 210351B10443A"} -index 0
stop
ps7_init
ps7_post_config
targets -set -nocase -filter {name =~ "ARM*#0" && jtag_cable_name =~ "Digilent Zybo Z7 210351B10443A"} -index 0
rst -processor
targets -set -nocase -filter {name =~ "ARM*#0" && jtag_cable_name =~ "Digilent Zybo Z7 210351B10443A"} -index 0
dow C:/zyboz720/imageProcessing_PS/imageProcessing_PS.sdk/imageTest/Debug/imageTest.elf
configparams force-mem-access 0
----------------End of Script----------------

02:41:34 INFO  : Memory regions updated for context APU
02:41:34 INFO  : Context for processor 'ps7_cortexa9_0' is selected.
02:41:34 INFO  : 'con' command is executed.
02:41:34 INFO  : ----------------XSDB Script (After Launch)----------------
targets -set -nocase -filter {name =~ "ARM*#0" && jtag_cable_name =~ "Digilent Zybo Z7 210351B10443A"} -index 0
con
----------------End of Script----------------

02:41:34 INFO  : Launch script is exported to file 'C:\zyboz720\imageProcessing_PS\imageProcessing_PS.sdk\.sdk\launch_scripts\xilinx_c-c++_application_(system_debugger)\system_debugger_using_debug_imagetest.elf_on_local.tcl'
02:41:44 INFO  : Disconnected from the channel tcfchan#6.
02:41:45 INFO  : 'targets -set -filter {jtag_cable_name =~ "Digilent Zybo Z7 210351B10443A" && level==0} -index 1' command is executed.
02:41:45 INFO  : 'fpga -state' command is executed.
02:41:45 INFO  : Connected to target on host '127.0.0.1' and port '3121'.
02:41:45 INFO  : Jtag cable 'Digilent Zybo Z7 210351B10443A' is selected.
02:41:45 INFO  : 'jtag frequency' command is executed.
02:41:45 INFO  : Sourcing of 'C:/zyboz720/imageProcessing_PS/imageProcessing_PS.sdk/imageProcessing_wrapper_hw_platform_0/ps7_init.tcl' is done.
02:41:45 INFO  : Context for 'APU' is selected.
02:41:49 INFO  : Hardware design information is loaded from 'C:/zyboz720/imageProcessing_PS/imageProcessing_PS.sdk/imageProcessing_wrapper_hw_platform_0/system.hdf'.
02:41:49 INFO  : 'configparams force-mem-access 1' command is executed.
02:41:49 INFO  : Context for 'APU' is selected.
02:41:49 INFO  : 'stop' command is executed.
02:41:49 INFO  : 'ps7_init' command is executed.
02:41:49 INFO  : 'ps7_post_config' command is executed.
02:41:49 INFO  : Context for processor 'ps7_cortexa9_0' is selected.
02:41:49 INFO  : Processor reset is completed for 'ps7_cortexa9_0'.
02:41:49 INFO  : Context for processor 'ps7_cortexa9_0' is selected.
02:41:50 INFO  : The application 'C:/zyboz720/imageProcessing_PS/imageProcessing_PS.sdk/imageTest/Debug/imageTest.elf' is downloaded to processor 'ps7_cortexa9_0'.
02:41:50 INFO  : 'configparams force-mem-access 0' command is executed.
02:41:50 INFO  : ----------------XSDB Script----------------
connect -url tcp:127.0.0.1:3121
source C:/zyboz720/imageProcessing_PS/imageProcessing_PS.sdk/imageProcessing_wrapper_hw_platform_0/ps7_init.tcl
targets -set -nocase -filter {name =~"APU*" && jtag_cable_name =~ "Digilent Zybo Z7 210351B10443A"} -index 0
loadhw -hw C:/zyboz720/imageProcessing_PS/imageProcessing_PS.sdk/imageProcessing_wrapper_hw_platform_0/system.hdf -mem-ranges [list {0x40000000 0xbfffffff}]
configparams force-mem-access 1
targets -set -nocase -filter {name =~"APU*" && jtag_cable_name =~ "Digilent Zybo Z7 210351B10443A"} -index 0
stop
ps7_init
ps7_post_config
targets -set -nocase -filter {name =~ "ARM*#0" && jtag_cable_name =~ "Digilent Zybo Z7 210351B10443A"} -index 0
rst -processor
targets -set -nocase -filter {name =~ "ARM*#0" && jtag_cable_name =~ "Digilent Zybo Z7 210351B10443A"} -index 0
dow C:/zyboz720/imageProcessing_PS/imageProcessing_PS.sdk/imageTest/Debug/imageTest.elf
configparams force-mem-access 0
----------------End of Script----------------

02:41:50 INFO  : Memory regions updated for context APU
02:41:50 INFO  : Context for processor 'ps7_cortexa9_0' is selected.
02:41:50 INFO  : 'con' command is executed.
02:41:50 INFO  : ----------------XSDB Script (After Launch)----------------
targets -set -nocase -filter {name =~ "ARM*#0" && jtag_cable_name =~ "Digilent Zybo Z7 210351B10443A"} -index 0
con
----------------End of Script----------------

02:41:50 INFO  : Launch script is exported to file 'C:\zyboz720\imageProcessing_PS\imageProcessing_PS.sdk\.sdk\launch_scripts\xilinx_c-c++_application_(system_debugger)\system_debugger_using_debug_imagetest.elf_on_local.tcl'
02:43:31 INFO  : Disconnected from the channel tcfchan#7.
02:43:32 INFO  : 'targets -set -filter {jtag_cable_name =~ "Digilent Zybo Z7 210351B10443A" && level==0} -index 1' command is executed.
02:43:32 INFO  : 'fpga -state' command is executed.
02:43:32 INFO  : Connected to target on host '127.0.0.1' and port '3121'.
02:43:33 INFO  : Jtag cable 'Digilent Zybo Z7 210351B10443A' is selected.
02:43:33 INFO  : 'jtag frequency' command is executed.
02:43:33 INFO  : Sourcing of 'C:/zyboz720/imageProcessing_PS/imageProcessing_PS.sdk/imageProcessing_wrapper_hw_platform_0/ps7_init.tcl' is done.
02:43:33 INFO  : Context for 'APU' is selected.
02:43:36 INFO  : Hardware design information is loaded from 'C:/zyboz720/imageProcessing_PS/imageProcessing_PS.sdk/imageProcessing_wrapper_hw_platform_0/system.hdf'.
02:43:36 INFO  : 'configparams force-mem-access 1' command is executed.
02:43:36 INFO  : Context for 'APU' is selected.
02:43:36 INFO  : 'stop' command is executed.
02:43:37 INFO  : 'ps7_init' command is executed.
02:43:37 INFO  : 'ps7_post_config' command is executed.
02:43:37 INFO  : Context for processor 'ps7_cortexa9_0' is selected.
02:43:37 INFO  : Processor reset is completed for 'ps7_cortexa9_0'.
02:43:37 INFO  : Context for processor 'ps7_cortexa9_0' is selected.
02:43:38 INFO  : The application 'C:/zyboz720/imageProcessing_PS/imageProcessing_PS.sdk/imageTest/Debug/imageTest.elf' is downloaded to processor 'ps7_cortexa9_0'.
02:43:38 INFO  : 'configparams force-mem-access 0' command is executed.
02:43:38 INFO  : ----------------XSDB Script----------------
connect -url tcp:127.0.0.1:3121
source C:/zyboz720/imageProcessing_PS/imageProcessing_PS.sdk/imageProcessing_wrapper_hw_platform_0/ps7_init.tcl
targets -set -nocase -filter {name =~"APU*" && jtag_cable_name =~ "Digilent Zybo Z7 210351B10443A"} -index 0
loadhw -hw C:/zyboz720/imageProcessing_PS/imageProcessing_PS.sdk/imageProcessing_wrapper_hw_platform_0/system.hdf -mem-ranges [list {0x40000000 0xbfffffff}]
configparams force-mem-access 1
targets -set -nocase -filter {name =~"APU*" && jtag_cable_name =~ "Digilent Zybo Z7 210351B10443A"} -index 0
stop
ps7_init
ps7_post_config
targets -set -nocase -filter {name =~ "ARM*#0" && jtag_cable_name =~ "Digilent Zybo Z7 210351B10443A"} -index 0
rst -processor
targets -set -nocase -filter {name =~ "ARM*#0" && jtag_cable_name =~ "Digilent Zybo Z7 210351B10443A"} -index 0
dow C:/zyboz720/imageProcessing_PS/imageProcessing_PS.sdk/imageTest/Debug/imageTest.elf
configparams force-mem-access 0
----------------End of Script----------------

02:43:38 INFO  : Memory regions updated for context APU
02:43:38 INFO  : Context for processor 'ps7_cortexa9_0' is selected.
02:43:38 INFO  : 'con' command is executed.
02:43:38 INFO  : ----------------XSDB Script (After Launch)----------------
targets -set -nocase -filter {name =~ "ARM*#0" && jtag_cable_name =~ "Digilent Zybo Z7 210351B10443A"} -index 0
con
----------------End of Script----------------

02:43:38 INFO  : Launch script is exported to file 'C:\zyboz720\imageProcessing_PS\imageProcessing_PS.sdk\.sdk\launch_scripts\xilinx_c-c++_application_(system_debugger)\system_debugger_using_debug_imagetest.elf_on_local.tcl'
02:51:35 INFO  : Disconnected from the channel tcfchan#8.
00:45:31 INFO  : Registering command handlers for SDK TCF services
00:45:34 INFO  : Launching XSCT server: xsct.bat -interactive C:\zyboz720\imageProcessing_PS\imageProcessing_PS.sdk\temp_xsdb_launch_script.tcl
00:45:38 INFO  : XSCT server has started successfully.
00:45:41 INFO  : Successfully done setting XSCT server connection channel  
00:45:41 INFO  : Successfully done setting SDK workspace  
00:45:41 INFO  : Processing command line option -hwspec C:/zyboz720/imageProcessing_PS/imageProcessing_PS.sdk/imageProcessing_wrapper.hdf.
00:45:41 INFO  : Checking for hwspec changes in the project imageProcessing_wrapper_hw_platform_0.
12:05:33 INFO  : Registering command handlers for SDK TCF services
12:05:35 INFO  : Launching XSCT server: xsct.bat -interactive C:\zyboz720\imageProcessing_PS\imageProcessing_PS.sdk\temp_xsdb_launch_script.tcl
12:05:40 INFO  : XSCT server has started successfully.
12:05:44 INFO  : Successfully done setting XSCT server connection channel  
12:05:44 INFO  : Successfully done setting SDK workspace  
12:05:44 INFO  : Processing command line option -hwspec C:/zyboz720/imageProcessing_PS/imageProcessing_PS.sdk/imageProcessing_wrapper.hdf.
12:05:44 INFO  : Checking for hwspec changes in the project imageProcessing_wrapper_hw_platform_0.
